<?xml version="1.0" encoding="UTF-8"?>
<testng-results ignored="0" total="1" passed="1" failed="0" skipped="0">
  <reporter-output>
  </reporter-output>
  <suite started-at="2023-11-12T00:45:34 IST" name="Default suite" finished-at="2023-11-12T00:45:39 IST" duration-ms="5354">
    <groups>
    </groups>
    <test started-at="2023-11-12T00:45:34 IST" name="Default test" finished-at="2023-11-12T00:45:39 IST" duration-ms="5354">
      <class name="defaults.LoginApplication">
        <test-method signature="testLogin()[pri:0, instance:defaults.LoginApplication@815b41f]" started-at="2023-11-12T00:45:34 IST" name="testLogin" finished-at="2023-11-12T00:45:38 IST" duration-ms="4061" status="PASS">
          <reporter-output>
          </reporter-output>
        </test-method> <!-- testLogin -->
        <test-method is-config="true" signature="tearDown()[pri:0, instance:defaults.LoginApplication@815b41f]" started-at="2023-11-12T00:45:38 IST" name="tearDown" finished-at="2023-11-12T00:45:39 IST" duration-ms="1243" status="PASS">
          <reporter-output>
          </reporter-output>
        </test-method> <!-- tearDown -->
      </class> <!-- defaults.LoginApplication -->
    </test> <!-- Default test -->
  </suite> <!-- Default suite -->
</testng-results>
