<?xml version="1.0" encoding="UTF-8"?>
<testng-results ignored="0" total="2" passed="2" failed="0" skipped="0">
  <reporter-output>
  </reporter-output>
  <suite started-at="2023-11-24T00:36:29 IST" name="Default suite" finished-at="2023-11-24T00:36:54 IST" duration-ms="25222">
    <groups>
    </groups>
    <test started-at="2023-11-24T00:36:29 IST" name="Default test" finished-at="2023-11-24T00:36:54 IST" duration-ms="25222">
      <class name="utils.ReadExcelData">
        <test-method signature="test1(java.lang.String)[pri:0, instance:utils.ReadExcelData@702657cc]" started-at="2023-11-24T00:36:29 IST" name="test1" data-provider="testdata" finished-at="2023-11-24T00:36:41 IST" duration-ms="12011" status="PASS">
          <params>
            <param index="0">
              <value>
                <![CDATA[D00279688]]>
              </value>
            </param>
          </params>
          <reporter-output>
          </reporter-output>
        </test-method> <!-- test1 -->
        <test-method signature="test1(java.lang.String)[pri:0, instance:utils.ReadExcelData@702657cc]" started-at="2023-11-24T00:36:41 IST" name="test1" data-provider="testdata" finished-at="2023-11-24T00:36:54 IST" duration-ms="12567" status="PASS">
          <params>
            <param index="0">
              <value>
                <![CDATA[D00279686]]>
              </value>
            </param>
          </params>
          <reporter-output>
          </reporter-output>
        </test-method> <!-- test1 -->
      </class> <!-- utils.ReadExcelData -->
    </test> <!-- Default test -->
  </suite> <!-- Default suite -->
</testng-results>
